<?xml version="1.0" encoding="UTF-8"?>
<!-- Generated by org.testng.reporters.JUnitReportReporter -->
<testsuite hostname="Mohana" failures="0" tests="1" name="pages.MainExecution" time="4.043" errors="0" timestamp="2023-09-14T13:35:42 IST" skipped="0">
  <testcase classname="pages.MainExecution" name="executeMain" time="4.043"/>
</testsuite> <!-- pages.MainExecution -->
